<?xml version="1.0" encoding="UTF-8"?>
<testng-results ignored="0" total="1" passed="1" failed="0" skipped="0">
  <reporter-output>
  </reporter-output>
  <suite started-at="2026-08-27T22:52:09 IST" name="Default suite" finished-at="2026-08-27T22:53:12 IST" duration-ms="63287">
    <groups>
    </groups>
    <test started-at="2026-08-27T22:52:09 IST" name="Default test" finished-at="2026-08-27T22:53:12 IST" duration-ms="63287">
      <class name="com.test.LoginTest">
        <test-method is-config="true" signature="setUp()[pri:0, instance:com.test.LoginTest@123ef382]" started-at="2026-08-27T22:52:09 IST" name="setUp" finished-at="2026-08-27T22:53:03 IST" duration-ms="54366" status="PASS">
          <reporter-output>
          </reporter-output>
        </test-method> <!-- setUp -->
        <test-method signature="validLoginTest()[pri:0, instance:com.test.LoginTest@123ef382]" started-at="2026-08-27T22:53:03 IST" name="validLoginTest" finished-at="2026-08-27T22:53:11 IST" duration-ms="8195" status="PASS">
          <reporter-output>
          </reporter-output>
        </test-method> <!-- validLoginTest -->
        <test-method is-config="true" signature="tearDown()[pri:0, instance:com.test.LoginTest@123ef382]" started-at="2026-08-27T22:53:11 IST" name="tearDown" finished-at="2026-08-27T22:53:12 IST" duration-ms="662" status="PASS">
          <reporter-output>
          </reporter-output>
        </test-method> <!-- tearDown -->
      </class> <!-- com.test.LoginTest -->
    </test> <!-- Default test -->
  </suite> <!-- Default suite -->
</testng-results>
